<?xml version="1.0" encoding="UTF-8"?>
<testsuite xmlns:xsi="http://www.w3.org/2001/XMLSchema-instance" xsi:noNamespaceSchemaLocation="https://maven.apache.org/surefire/maven-surefire-plugin/xsd/surefire-test-report.xsd" name="com.zhixi.Shiro02SpringbootJspApplicationTests" time="2.772" tests="1" errors="0" skipped="0" failures="0">
  <properties>
    <property name="sun.desktop" value="windows"/>
    <property name="awt.toolkit" value="sun.awt.windows.WToolkit"/>
    <property name="file.encoding.pkg" value="sun.io"/>
    <property name="java.specification.version" value="1.8"/>
    <property name="sun.cpu.isalist" value="amd64"/>
    <property name="sun.jnu.encoding" value="GBK"/>
    <property name="java.class.path" value="F:\StudyProject\编程不良人\study-shiro\shiro-02-springboot-jsp\target\test-classes;F:\StudyProject\编程不良人\study-shiro\shiro-02-springboot-jsp\target\classes;D:\StudySoftware\Maven\apache-maven-3.6.3\maven3\org\springframework\boot\spring-boot-starter-tomcat\2.3.7.RELEASE\spring-boot-starter-tomcat-2.3.7.RELEASE.jar;D:\StudySoftware\Maven\apache-maven-3.6.3\maven3\jakarta\annotation\jakarta.annotation-api\1.3.5\jakarta.annotation-api-1.3.5.jar;D:\StudySoftware\Maven\apache-maven-3.6.3\maven3\org\apache\tomcat\embed\tomcat-embed-core\9.0.41\tomcat-embed-core-9.0.41.jar;D:\StudySoftware\Maven\apache-maven-3.6.3\maven3\org\glassfish\jakarta.el\3.0.3\jakarta.el-3.0.3.jar;D:\StudySoftware\Maven\apache-maven-3.6.3\maven3\org\apache\tomcat\embed\tomcat-embed-websocket\9.0.41\tomcat-embed-websocket-9.0.41.jar;D:\StudySoftware\Maven\apache-maven-3.6.3\maven3\org\apache\tomcat\embed\tomcat-embed-jasper\9.0.41\tomcat-embed-jasper-9.0.41.jar;D:\StudySoftware\Maven\apache-maven-3.6.3\maven3\org\apache\tomcat\embed\tomcat-embed-el\9.0.41\tomcat-embed-el-9.0.41.jar;D:\StudySoftware\Maven\apache-maven-3.6.3\maven3\org\eclipse\jdt\ecj\3.18.0\ecj-3.18.0.jar;D:\StudySoftware\Maven\apache-maven-3.6.3\maven3\javax\servlet\jsp\jstl\jstl-api\1.2\jstl-api-1.2.jar;D:\StudySoftware\Maven\apache-maven-3.6.3\maven3\javax\servlet\servlet-api\2.5\servlet-api-2.5.jar;D:\StudySoftware\Maven\apache-maven-3.6.3\maven3\javax\servlet\jsp\jsp-api\2.1\jsp-api-2.1.jar;D:\StudySoftware\Maven\apache-maven-3.6.3\maven3\org\apache\shiro\shiro-spring-boot-starter\1.5.3\shiro-spring-boot-starter-1.5.3.jar;D:\StudySoftware\Maven\apache-maven-3.6.3\maven3\org\apache\shiro\shiro-spring\1.5.3\shiro-spring-1.5.3.jar;D:\StudySoftware\Maven\apache-maven-3.6.3\maven3\org\apache\shiro\shiro-core\1.5.3\shiro-core-1.5.3.jar;D:\StudySoftware\Maven\apache-maven-3.6.3\maven3\org\apache\shiro\shiro-lang\1.5.3\shiro-lang-1.5.3.jar;D:\StudySoftware\Maven\apache-maven-3.6.3\maven3\org\apache\shiro\shiro-cache\1.5.3\shiro-cache-1.5.3.jar;D:\StudySoftware\Maven\apache-maven-3.6.3\maven3\org\apache\shiro\shiro-crypto-hash\1.5.3\shiro-crypto-hash-1.5.3.jar;D:\StudySoftware\Maven\apache-maven-3.6.3\maven3\org\apache\shiro\shiro-crypto-core\1.5.3\shiro-crypto-core-1.5.3.jar;D:\StudySoftware\Maven\apache-maven-3.6.3\maven3\org\apache\shiro\shiro-crypto-cipher\1.5.3\shiro-crypto-cipher-1.5.3.jar;D:\StudySoftware\Maven\apache-maven-3.6.3\maven3\org\apache\shiro\shiro-config-core\1.5.3\shiro-config-core-1.5.3.jar;D:\StudySoftware\Maven\apache-maven-3.6.3\maven3\org\apache\shiro\shiro-config-ogdl\1.5.3\shiro-config-ogdl-1.5.3.jar;D:\StudySoftware\Maven\apache-maven-3.6.3\maven3\commons-beanutils\commons-beanutils\1.9.4\commons-beanutils-1.9.4.jar;D:\StudySoftware\Maven\apache-maven-3.6.3\maven3\commons-collections\commons-collections\3.2.2\commons-collections-3.2.2.jar;D:\StudySoftware\Maven\apache-maven-3.6.3\maven3\org\apache\shiro\shiro-event\1.5.3\shiro-event-1.5.3.jar;D:\StudySoftware\Maven\apache-maven-3.6.3\maven3\org\apache\shiro\shiro-web\1.5.3\shiro-web-1.5.3.jar;D:\StudySoftware\Maven\apache-maven-3.6.3\maven3\org\owasp\encoder\encoder\1.2.2\encoder-1.2.2.jar;D:\StudySoftware\Maven\apache-maven-3.6.3\maven3\org\springframework\boot\spring-boot-autoconfigure\2.3.7.RELEASE\spring-boot-autoconfigure-2.3.7.RELEASE.jar;D:\StudySoftware\Maven\apache-maven-3.6.3\maven3\org\springframework\boot\spring-boot\2.3.7.RELEASE\spring-boot-2.3.7.RELEASE.jar;D:\StudySoftware\Maven\apache-maven-3.6.3\maven3\org\springframework\boot\spring-boot-starter-web\2.3.7.RELEASE\spring-boot-starter-web-2.3.7.RELEASE.jar;D:\StudySoftware\Maven\apache-maven-3.6.3\maven3\org\springframework\boot\spring-boot-starter\2.3.7.RELEASE\spring-boot-starter-2.3.7.RELEASE.jar;D:\StudySoftware\Maven\apache-maven-3.6.3\maven3\org\springframework\boot\spring-boot-starter-logging\2.3.7.RELEASE\spring-boot-starter-logging-2.3.7.RELEASE.jar;D:\StudySoftware\Maven\apache-maven-3.6.3\maven3\ch\qos\logback\logback-classic\1.2.3\logback-classic-1.2.3.jar;D:\StudySoftware\Maven\apache-maven-3.6.3\maven3\ch\qos\logback\logback-core\1.2.3\logback-core-1.2.3.jar;D:\StudySoftware\Maven\apache-maven-3.6.3\maven3\org\apache\logging\log4j\log4j-to-slf4j\2.13.3\log4j-to-slf4j-2.13.3.jar;D:\StudySoftware\Maven\apache-maven-3.6.3\maven3\org\apache\logging\log4j\log4j-api\2.13.3\log4j-api-2.13.3.jar;D:\StudySoftware\Maven\apache-maven-3.6.3\maven3\org\slf4j\jul-to-slf4j\1.7.30\jul-to-slf4j-1.7.30.jar;D:\StudySoftware\Maven\apache-maven-3.6.3\maven3\org\yaml\snakeyaml\1.26\snakeyaml-1.26.jar;D:\StudySoftware\Maven\apache-maven-3.6.3\maven3\org\springframework\boot\spring-boot-starter-json\2.3.7.RELEASE\spring-boot-starter-json-2.3.7.RELEASE.jar;D:\StudySoftware\Maven\apache-maven-3.6.3\maven3\com\fasterxml\jackson\core\jackson-databind\2.11.3\jackson-databind-2.11.3.jar;D:\StudySoftware\Maven\apache-maven-3.6.3\maven3\com\fasterxml\jackson\core\jackson-annotations\2.11.3\jackson-annotations-2.11.3.jar;D:\StudySoftware\Maven\apache-maven-3.6.3\maven3\com\fasterxml\jackson\core\jackson-core\2.11.3\jackson-core-2.11.3.jar;D:\StudySoftware\Maven\apache-maven-3.6.3\maven3\com\fasterxml\jackson\datatype\jackson-datatype-jdk8\2.11.3\jackson-datatype-jdk8-2.11.3.jar;D:\StudySoftware\Maven\apache-maven-3.6.3\maven3\com\fasterxml\jackson\datatype\jackson-datatype-jsr310\2.11.3\jackson-datatype-jsr310-2.11.3.jar;D:\StudySoftware\Maven\apache-maven-3.6.3\maven3\com\fasterxml\jackson\module\jackson-module-parameter-names\2.11.3\jackson-module-parameter-names-2.11.3.jar;D:\StudySoftware\Maven\apache-maven-3.6.3\maven3\org\springframework\spring-web\5.2.12.RELEASE\spring-web-5.2.12.RELEASE.jar;D:\StudySoftware\Maven\apache-maven-3.6.3\maven3\org\springframework\spring-beans\5.2.12.RELEASE\spring-beans-5.2.12.RELEASE.jar;D:\StudySoftware\Maven\apache-maven-3.6.3\maven3\org\springframework\spring-webmvc\5.2.12.RELEASE\spring-webmvc-5.2.12.RELEASE.jar;D:\StudySoftware\Maven\apache-maven-3.6.3\maven3\org\springframework\spring-aop\5.2.12.RELEASE\spring-aop-5.2.12.RELEASE.jar;D:\StudySoftware\Maven\apache-maven-3.6.3\maven3\org\springframework\spring-context\5.2.12.RELEASE\spring-context-5.2.12.RELEASE.jar;D:\StudySoftware\Maven\apache-maven-3.6.3\maven3\org\springframework\spring-expression\5.2.12.RELEASE\spring-expression-5.2.12.RELEASE.jar;D:\StudySoftware\Maven\apache-maven-3.6.3\maven3\org\projectlombok\lombok\1.18.16\lombok-1.18.16.jar;D:\StudySoftware\Maven\apache-maven-3.6.3\maven3\org\springframework\boot\spring-boot-starter-test\2.3.7.RELEASE\spring-boot-starter-test-2.3.7.RELEASE.jar;D:\StudySoftware\Maven\apache-maven-3.6.3\maven3\org\springframework\boot\spring-boot-test\2.3.7.RELEASE\spring-boot-test-2.3.7.RELEASE.jar;D:\StudySoftware\Maven\apache-maven-3.6.3\maven3\org\springframework\boot\spring-boot-test-autoconfigure\2.3.7.RELEASE\spring-boot-test-autoconfigure-2.3.7.RELEASE.jar;D:\StudySoftware\Maven\apache-maven-3.6.3\maven3\com\jayway\jsonpath\json-path\2.4.0\json-path-2.4.0.jar;D:\StudySoftware\Maven\apache-maven-3.6.3\maven3\net\minidev\json-smart\2.3\json-smart-2.3.jar;D:\StudySoftware\Maven\apache-maven-3.6.3\maven3\net\minidev\accessors-smart\1.2\accessors-smart-1.2.jar;D:\StudySoftware\Maven\apache-maven-3.6.3\maven3\org\ow2\asm\asm\5.0.4\asm-5.0.4.jar;D:\StudySoftware\Maven\apache-maven-3.6.3\maven3\org\slf4j\slf4j-api\1.7.30\slf4j-api-1.7.30.jar;D:\StudySoftware\Maven\apache-maven-3.6.3\maven3\jakarta\xml\bind\jakarta.xml.bind-api\2.3.3\jakarta.xml.bind-api-2.3.3.jar;D:\StudySoftware\Maven\apache-maven-3.6.3\maven3\jakarta\activation\jakarta.activation-api\1.2.2\jakarta.activation-api-1.2.2.jar;D:\StudySoftware\Maven\apache-maven-3.6.3\maven3\org\assertj\assertj-core\3.16.1\assertj-core-3.16.1.jar;D:\StudySoftware\Maven\apache-maven-3.6.3\maven3\org\hamcrest\hamcrest\2.2\hamcrest-2.2.jar;D:\StudySoftware\Maven\apache-maven-3.6.3\maven3\org\junit\jupiter\junit-jupiter\5.6.3\junit-jupiter-5.6.3.jar;D:\StudySoftware\Maven\apache-maven-3.6.3\maven3\org\junit\jupiter\junit-jupiter-api\5.6.3\junit-jupiter-api-5.6.3.jar;D:\StudySoftware\Maven\apache-maven-3.6.3\maven3\org\opentest4j\opentest4j\1.2.0\opentest4j-1.2.0.jar;D:\StudySoftware\Maven\apache-maven-3.6.3\maven3\org\junit\platform\junit-platform-commons\1.6.3\junit-platform-commons-1.6.3.jar;D:\StudySoftware\Maven\apache-maven-3.6.3\maven3\org\junit\jupiter\junit-jupiter-params\5.6.3\junit-jupiter-params-5.6.3.jar;D:\StudySoftware\Maven\apache-maven-3.6.3\maven3\org\junit\jupiter\junit-jupiter-engine\5.6.3\junit-jupiter-engine-5.6.3.jar;D:\StudySoftware\Maven\apache-maven-3.6.3\maven3\org\junit\vintage\junit-vintage-engine\5.6.3\junit-vintage-engine-5.6.3.jar;D:\StudySoftware\Maven\apache-maven-3.6.3\maven3\org\apiguardian\apiguardian-api\1.1.0\apiguardian-api-1.1.0.jar;D:\StudySoftware\Maven\apache-maven-3.6.3\maven3\org\junit\platform\junit-platform-engine\1.6.3\junit-platform-engine-1.6.3.jar;D:\StudySoftware\Maven\apache-maven-3.6.3\maven3\junit\junit\4.13.1\junit-4.13.1.jar;D:\StudySoftware\Maven\apache-maven-3.6.3\maven3\org\mockito\mockito-core\3.3.3\mockito-core-3.3.3.jar;D:\StudySoftware\Maven\apache-maven-3.6.3\maven3\net\bytebuddy\byte-buddy\1.10.18\byte-buddy-1.10.18.jar;D:\StudySoftware\Maven\apache-maven-3.6.3\maven3\net\bytebuddy\byte-buddy-agent\1.10.18\byte-buddy-agent-1.10.18.jar;D:\StudySoftware\Maven\apache-maven-3.6.3\maven3\org\objenesis\objenesis\2.6\objenesis-2.6.jar;D:\StudySoftware\Maven\apache-maven-3.6.3\maven3\org\mockito\mockito-junit-jupiter\3.3.3\mockito-junit-jupiter-3.3.3.jar;D:\StudySoftware\Maven\apache-maven-3.6.3\maven3\org\skyscreamer\jsonassert\1.5.0\jsonassert-1.5.0.jar;D:\StudySoftware\Maven\apache-maven-3.6.3\maven3\com\vaadin\external\google\android-json\0.0.20131108.vaadin1\android-json-0.0.20131108.vaadin1.jar;D:\StudySoftware\Maven\apache-maven-3.6.3\maven3\org\springframework\spring-core\5.2.12.RELEASE\spring-core-5.2.12.RELEASE.jar;D:\StudySoftware\Maven\apache-maven-3.6.3\maven3\org\springframework\spring-jcl\5.2.12.RELEASE\spring-jcl-5.2.12.RELEASE.jar;D:\StudySoftware\Maven\apache-maven-3.6.3\maven3\org\springframework\spring-test\5.2.12.RELEASE\spring-test-5.2.12.RELEASE.jar;D:\StudySoftware\Maven\apache-maven-3.6.3\maven3\org\xmlunit\xmlunit-core\2.7.0\xmlunit-core-2.7.0.jar;"/>
    <property name="java.vm.vendor" value="Oracle Corporation"/>
    <property name="sun.arch.data.model" value="64"/>
    <property name="user.variant" value=""/>
    <property name="java.vendor.url" value="http://java.oracle.com/"/>
    <property name="user.timezone" value="Asia/Shanghai"/>
    <property name="java.vm.specification.version" value="1.8"/>
    <property name="os.name" value="Windows 10"/>
    <property name="user.country" value="CN"/>
    <property name="sun.java.launcher" value="SUN_STANDARD"/>
    <property name="sun.boot.library.path" value="C:\Program Files\Java\jdk1.8.0_221\jre\bin"/>
    <property name="sun.java.command" value="C:\Users\A1820\AppData\Local\Temp\surefire8063930535456788423\surefirebooter5722935260084217107.jar C:\Users\A1820\AppData\Local\Temp\surefire8063930535456788423 2023-03-15T17-28-53_062-jvmRun1 surefire4209970881114721826tmp surefire_05854485786855846005tmp"/>
    <property name="surefire.test.class.path" value="F:\StudyProject\编程不良人\study-shiro\shiro-02-springboot-jsp\target\test-classes;F:\StudyProject\编程不良人\study-shiro\shiro-02-springboot-jsp\target\classes;D:\StudySoftware\Maven\apache-maven-3.6.3\maven3\org\springframework\boot\spring-boot-starter-tomcat\2.3.7.RELEASE\spring-boot-starter-tomcat-2.3.7.RELEASE.jar;D:\StudySoftware\Maven\apache-maven-3.6.3\maven3\jakarta\annotation\jakarta.annotation-api\1.3.5\jakarta.annotation-api-1.3.5.jar;D:\StudySoftware\Maven\apache-maven-3.6.3\maven3\org\apache\tomcat\embed\tomcat-embed-core\9.0.41\tomcat-embed-core-9.0.41.jar;D:\StudySoftware\Maven\apache-maven-3.6.3\maven3\org\glassfish\jakarta.el\3.0.3\jakarta.el-3.0.3.jar;D:\StudySoftware\Maven\apache-maven-3.6.3\maven3\org\apache\tomcat\embed\tomcat-embed-websocket\9.0.41\tomcat-embed-websocket-9.0.41.jar;D:\StudySoftware\Maven\apache-maven-3.6.3\maven3\org\apache\tomcat\embed\tomcat-embed-jasper\9.0.41\tomcat-embed-jasper-9.0.41.jar;D:\StudySoftware\Maven\apache-maven-3.6.3\maven3\org\apache\tomcat\embed\tomcat-embed-el\9.0.41\tomcat-embed-el-9.0.41.jar;D:\StudySoftware\Maven\apache-maven-3.6.3\maven3\org\eclipse\jdt\ecj\3.18.0\ecj-3.18.0.jar;D:\StudySoftware\Maven\apache-maven-3.6.3\maven3\javax\servlet\jsp\jstl\jstl-api\1.2\jstl-api-1.2.jar;D:\StudySoftware\Maven\apache-maven-3.6.3\maven3\javax\servlet\servlet-api\2.5\servlet-api-2.5.jar;D:\StudySoftware\Maven\apache-maven-3.6.3\maven3\javax\servlet\jsp\jsp-api\2.1\jsp-api-2.1.jar;D:\StudySoftware\Maven\apache-maven-3.6.3\maven3\org\apache\shiro\shiro-spring-boot-starter\1.5.3\shiro-spring-boot-starter-1.5.3.jar;D:\StudySoftware\Maven\apache-maven-3.6.3\maven3\org\apache\shiro\shiro-spring\1.5.3\shiro-spring-1.5.3.jar;D:\StudySoftware\Maven\apache-maven-3.6.3\maven3\org\apache\shiro\shiro-core\1.5.3\shiro-core-1.5.3.jar;D:\StudySoftware\Maven\apache-maven-3.6.3\maven3\org\apache\shiro\shiro-lang\1.5.3\shiro-lang-1.5.3.jar;D:\StudySoftware\Maven\apache-maven-3.6.3\maven3\org\apache\shiro\shiro-cache\1.5.3\shiro-cache-1.5.3.jar;D:\StudySoftware\Maven\apache-maven-3.6.3\maven3\org\apache\shiro\shiro-crypto-hash\1.5.3\shiro-crypto-hash-1.5.3.jar;D:\StudySoftware\Maven\apache-maven-3.6.3\maven3\org\apache\shiro\shiro-crypto-core\1.5.3\shiro-crypto-core-1.5.3.jar;D:\StudySoftware\Maven\apache-maven-3.6.3\maven3\org\apache\shiro\shiro-crypto-cipher\1.5.3\shiro-crypto-cipher-1.5.3.jar;D:\StudySoftware\Maven\apache-maven-3.6.3\maven3\org\apache\shiro\shiro-config-core\1.5.3\shiro-config-core-1.5.3.jar;D:\StudySoftware\Maven\apache-maven-3.6.3\maven3\org\apache\shiro\shiro-config-ogdl\1.5.3\shiro-config-ogdl-1.5.3.jar;D:\StudySoftware\Maven\apache-maven-3.6.3\maven3\commons-beanutils\commons-beanutils\1.9.4\commons-beanutils-1.9.4.jar;D:\StudySoftware\Maven\apache-maven-3.6.3\maven3\commons-collections\commons-collections\3.2.2\commons-collections-3.2.2.jar;D:\StudySoftware\Maven\apache-maven-3.6.3\maven3\org\apache\shiro\shiro-event\1.5.3\shiro-event-1.5.3.jar;D:\StudySoftware\Maven\apache-maven-3.6.3\maven3\org\apache\shiro\shiro-web\1.5.3\shiro-web-1.5.3.jar;D:\StudySoftware\Maven\apache-maven-3.6.3\maven3\org\owasp\encoder\encoder\1.2.2\encoder-1.2.2.jar;D:\StudySoftware\Maven\apache-maven-3.6.3\maven3\org\springframework\boot\spring-boot-autoconfigure\2.3.7.RELEASE\spring-boot-autoconfigure-2.3.7.RELEASE.jar;D:\StudySoftware\Maven\apache-maven-3.6.3\maven3\org\springframework\boot\spring-boot\2.3.7.RELEASE\spring-boot-2.3.7.RELEASE.jar;D:\StudySoftware\Maven\apache-maven-3.6.3\maven3\org\springframework\boot\spring-boot-starter-web\2.3.7.RELEASE\spring-boot-starter-web-2.3.7.RELEASE.jar;D:\StudySoftware\Maven\apache-maven-3.6.3\maven3\org\springframework\boot\spring-boot-starter\2.3.7.RELEASE\spring-boot-starter-2.3.7.RELEASE.jar;D:\StudySoftware\Maven\apache-maven-3.6.3\maven3\org\springframework\boot\spring-boot-starter-logging\2.3.7.RELEASE\spring-boot-starter-logging-2.3.7.RELEASE.jar;D:\StudySoftware\Maven\apache-maven-3.6.3\maven3\ch\qos\logback\logback-classic\1.2.3\logback-classic-1.2.3.jar;D:\StudySoftware\Maven\apache-maven-3.6.3\maven3\ch\qos\logback\logback-core\1.2.3\logback-core-1.2.3.jar;D:\StudySoftware\Maven\apache-maven-3.6.3\maven3\org\apache\logging\log4j\log4j-to-slf4j\2.13.3\log4j-to-slf4j-2.13.3.jar;D:\StudySoftware\Maven\apache-maven-3.6.3\maven3\org\apache\logging\log4j\log4j-api\2.13.3\log4j-api-2.13.3.jar;D:\StudySoftware\Maven\apache-maven-3.6.3\maven3\org\slf4j\jul-to-slf4j\1.7.30\jul-to-slf4j-1.7.30.jar;D:\StudySoftware\Maven\apache-maven-3.6.3\maven3\org\yaml\snakeyaml\1.26\snakeyaml-1.26.jar;D:\StudySoftware\Maven\apache-maven-3.6.3\maven3\org\springframework\boot\spring-boot-starter-json\2.3.7.RELEASE\spring-boot-starter-json-2.3.7.RELEASE.jar;D:\StudySoftware\Maven\apache-maven-3.6.3\maven3\com\fasterxml\jackson\core\jackson-databind\2.11.3\jackson-databind-2.11.3.jar;D:\StudySoftware\Maven\apache-maven-3.6.3\maven3\com\fasterxml\jackson\core\jackson-annotations\2.11.3\jackson-annotations-2.11.3.jar;D:\StudySoftware\Maven\apache-maven-3.6.3\maven3\com\fasterxml\jackson\core\jackson-core\2.11.3\jackson-core-2.11.3.jar;D:\StudySoftware\Maven\apache-maven-3.6.3\maven3\com\fasterxml\jackson\datatype\jackson-datatype-jdk8\2.11.3\jackson-datatype-jdk8-2.11.3.jar;D:\StudySoftware\Maven\apache-maven-3.6.3\maven3\com\fasterxml\jackson\datatype\jackson-datatype-jsr310\2.11.3\jackson-datatype-jsr310-2.11.3.jar;D:\StudySoftware\Maven\apache-maven-3.6.3\maven3\com\fasterxml\jackson\module\jackson-module-parameter-names\2.11.3\jackson-module-parameter-names-2.11.3.jar;D:\StudySoftware\Maven\apache-maven-3.6.3\maven3\org\springframework\spring-web\5.2.12.RELEASE\spring-web-5.2.12.RELEASE.jar;D:\StudySoftware\Maven\apache-maven-3.6.3\maven3\org\springframework\spring-beans\5.2.12.RELEASE\spring-beans-5.2.12.RELEASE.jar;D:\StudySoftware\Maven\apache-maven-3.6.3\maven3\org\springframework\spring-webmvc\5.2.12.RELEASE\spring-webmvc-5.2.12.RELEASE.jar;D:\StudySoftware\Maven\apache-maven-3.6.3\maven3\org\springframework\spring-aop\5.2.12.RELEASE\spring-aop-5.2.12.RELEASE.jar;D:\StudySoftware\Maven\apache-maven-3.6.3\maven3\org\springframework\spring-context\5.2.12.RELEASE\spring-context-5.2.12.RELEASE.jar;D:\StudySoftware\Maven\apache-maven-3.6.3\maven3\org\springframework\spring-expression\5.2.12.RELEASE\spring-expression-5.2.12.RELEASE.jar;D:\StudySoftware\Maven\apache-maven-3.6.3\maven3\org\projectlombok\lombok\1.18.16\lombok-1.18.16.jar;D:\StudySoftware\Maven\apache-maven-3.6.3\maven3\org\springframework\boot\spring-boot-starter-test\2.3.7.RELEASE\spring-boot-starter-test-2.3.7.RELEASE.jar;D:\StudySoftware\Maven\apache-maven-3.6.3\maven3\org\springframework\boot\spring-boot-test\2.3.7.RELEASE\spring-boot-test-2.3.7.RELEASE.jar;D:\StudySoftware\Maven\apache-maven-3.6.3\maven3\org\springframework\boot\spring-boot-test-autoconfigure\2.3.7.RELEASE\spring-boot-test-autoconfigure-2.3.7.RELEASE.jar;D:\StudySoftware\Maven\apache-maven-3.6.3\maven3\com\jayway\jsonpath\json-path\2.4.0\json-path-2.4.0.jar;D:\StudySoftware\Maven\apache-maven-3.6.3\maven3\net\minidev\json-smart\2.3\json-smart-2.3.jar;D:\StudySoftware\Maven\apache-maven-3.6.3\maven3\net\minidev\accessors-smart\1.2\accessors-smart-1.2.jar;D:\StudySoftware\Maven\apache-maven-3.6.3\maven3\org\ow2\asm\asm\5.0.4\asm-5.0.4.jar;D:\StudySoftware\Maven\apache-maven-3.6.3\maven3\org\slf4j\slf4j-api\1.7.30\slf4j-api-1.7.30.jar;D:\StudySoftware\Maven\apache-maven-3.6.3\maven3\jakarta\xml\bind\jakarta.xml.bind-api\2.3.3\jakarta.xml.bind-api-2.3.3.jar;D:\StudySoftware\Maven\apache-maven-3.6.3\maven3\jakarta\activation\jakarta.activation-api\1.2.2\jakarta.activation-api-1.2.2.jar;D:\StudySoftware\Maven\apache-maven-3.6.3\maven3\org\assertj\assertj-core\3.16.1\assertj-core-3.16.1.jar;D:\StudySoftware\Maven\apache-maven-3.6.3\maven3\org\hamcrest\hamcrest\2.2\hamcrest-2.2.jar;D:\StudySoftware\Maven\apache-maven-3.6.3\maven3\org\junit\jupiter\junit-jupiter\5.6.3\junit-jupiter-5.6.3.jar;D:\StudySoftware\Maven\apache-maven-3.6.3\maven3\org\junit\jupiter\junit-jupiter-api\5.6.3\junit-jupiter-api-5.6.3.jar;D:\StudySoftware\Maven\apache-maven-3.6.3\maven3\org\opentest4j\opentest4j\1.2.0\opentest4j-1.2.0.jar;D:\StudySoftware\Maven\apache-maven-3.6.3\maven3\org\junit\platform\junit-platform-commons\1.6.3\junit-platform-commons-1.6.3.jar;D:\StudySoftware\Maven\apache-maven-3.6.3\maven3\org\junit\jupiter\junit-jupiter-params\5.6.3\junit-jupiter-params-5.6.3.jar;D:\StudySoftware\Maven\apache-maven-3.6.3\maven3\org\junit\jupiter\junit-jupiter-engine\5.6.3\junit-jupiter-engine-5.6.3.jar;D:\StudySoftware\Maven\apache-maven-3.6.3\maven3\org\junit\vintage\junit-vintage-engine\5.6.3\junit-vintage-engine-5.6.3.jar;D:\StudySoftware\Maven\apache-maven-3.6.3\maven3\org\apiguardian\apiguardian-api\1.1.0\apiguardian-api-1.1.0.jar;D:\StudySoftware\Maven\apache-maven-3.6.3\maven3\org\junit\platform\junit-platform-engine\1.6.3\junit-platform-engine-1.6.3.jar;D:\StudySoftware\Maven\apache-maven-3.6.3\maven3\junit\junit\4.13.1\junit-4.13.1.jar;D:\StudySoftware\Maven\apache-maven-3.6.3\maven3\org\mockito\mockito-core\3.3.3\mockito-core-3.3.3.jar;D:\StudySoftware\Maven\apache-maven-3.6.3\maven3\net\bytebuddy\byte-buddy\1.10.18\byte-buddy-1.10.18.jar;D:\StudySoftware\Maven\apache-maven-3.6.3\maven3\net\bytebuddy\byte-buddy-agent\1.10.18\byte-buddy-agent-1.10.18.jar;D:\StudySoftware\Maven\apache-maven-3.6.3\maven3\org\objenesis\objenesis\2.6\objenesis-2.6.jar;D:\StudySoftware\Maven\apache-maven-3.6.3\maven3\org\mockito\mockito-junit-jupiter\3.3.3\mockito-junit-jupiter-3.3.3.jar;D:\StudySoftware\Maven\apache-maven-3.6.3\maven3\org\skyscreamer\jsonassert\1.5.0\jsonassert-1.5.0.jar;D:\StudySoftware\Maven\apache-maven-3.6.3\maven3\com\vaadin\external\google\android-json\0.0.20131108.vaadin1\android-json-0.0.20131108.vaadin1.jar;D:\StudySoftware\Maven\apache-maven-3.6.3\maven3\org\springframework\spring-core\5.2.12.RELEASE\spring-core-5.2.12.RELEASE.jar;D:\StudySoftware\Maven\apache-maven-3.6.3\maven3\org\springframework\spring-jcl\5.2.12.RELEASE\spring-jcl-5.2.12.RELEASE.jar;D:\StudySoftware\Maven\apache-maven-3.6.3\maven3\org\springframework\spring-test\5.2.12.RELEASE\spring-test-5.2.12.RELEASE.jar;D:\StudySoftware\Maven\apache-maven-3.6.3\maven3\org\xmlunit\xmlunit-core\2.7.0\xmlunit-core-2.7.0.jar;"/>
    <property name="sun.cpu.endian" value="little"/>
    <property name="user.home" value="C:\Users\A1820"/>
    <property name="user.language" value="zh"/>
    <property name="java.specification.vendor" value="Oracle Corporation"/>
    <property name="java.home" value="C:\Program Files\Java\jdk1.8.0_221\jre"/>
    <property name="basedir" value="F:\StudyProject\编程不良人\study-shiro\shiro-02-springboot-jsp"/>
    <property name="file.separator" value="\"/>
    <property name="line.separator" value="&#10;"/>
    <property name="java.vm.specification.vendor" value="Oracle Corporation"/>
    <property name="java.specification.name" value="Java Platform API Specification"/>
    <property name="java.awt.graphicsenv" value="sun.awt.Win32GraphicsEnvironment"/>
    <property name="surefire.real.class.path" value="C:\Users\A1820\AppData\Local\Temp\surefire8063930535456788423\surefirebooter5722935260084217107.jar"/>
    <property name="sun.boot.class.path" value="C:\Program Files\Java\jdk1.8.0_221\jre\lib\resources.jar;C:\Program Files\Java\jdk1.8.0_221\jre\lib\rt.jar;C:\Program Files\Java\jdk1.8.0_221\jre\lib\sunrsasign.jar;C:\Program Files\Java\jdk1.8.0_221\jre\lib\jsse.jar;C:\Program Files\Java\jdk1.8.0_221\jre\lib\jce.jar;C:\Program Files\Java\jdk1.8.0_221\jre\lib\charsets.jar;C:\Program Files\Java\jdk1.8.0_221\jre\lib\jfr.jar;C:\Program Files\Java\jdk1.8.0_221\jre\classes"/>
    <property name="user.script" value=""/>
    <property name="sun.management.compiler" value="HotSpot 64-Bit Tiered Compilers"/>
    <property name="java.runtime.version" value="1.8.0_221-b11"/>
    <property name="user.name" value="zhixi"/>
    <property name="path.separator" value=";"/>
    <property name="os.version" value="10.0"/>
    <property name="java.endorsed.dirs" value="C:\Program Files\Java\jdk1.8.0_221\jre\lib\endorsed"/>
    <property name="java.runtime.name" value="Java(TM) SE Runtime Environment"/>
    <property name="file.encoding" value="GBK"/>
    <property name="java.vm.name" value="Java HotSpot(TM) 64-Bit Server VM"/>
    <property name="localRepository" value="D:\StudySoftware\Maven\apache-maven-3.6.3\maven3"/>
    <property name="java.vendor.url.bug" value="http://bugreport.sun.com/bugreport/"/>
    <property name="java.io.tmpdir" value="C:\Users\A1820\AppData\Local\Temp\"/>
    <property name="idea.version" value="2021.3.3"/>
    <property name="java.version" value="1.8.0_221"/>
    <property name="user.dir" value="F:\StudyProject\编程不良人\study-shiro\shiro-02-springboot-jsp"/>
    <property name="os.arch" value="amd64"/>
    <property name="java.vm.specification.name" value="Java Virtual Machine Specification"/>
    <property name="java.awt.printerjob" value="sun.awt.windows.WPrinterJob"/>
    <property name="sun.os.patch.level" value=""/>
    <property name="java.library.path" value="C:\Program Files\Java\jdk1.8.0_221\jre\bin;C:\WINDOWS\Sun\Java\bin;C:\WINDOWS\system32;C:\WINDOWS;D:\StudySoftware\VMWare16\install\bin\;C:\Program Files\Common Files\Oracle\Java\javapath;D:\StudySoftware\Oracle11g\product\11.2.0\dbhome_1\bin;D:\StudySoftware\python-3.9.0a4\install\Scripts\;D:\StudySoftware\python-3.9.0a4\install\;C:\WINDOWS\system32;C:\WINDOWS;C:\WINDOWS\System32\Wbem;C:\WINDOWS\System32\WindowsPowerShell\v1.0\;C:\WINDOWS\System32\OpenSSH\;C:\Program Files\Java\jdk1.8.0_221\bin;D:\ToolSoftware\Xshell\XftpInstall\;D:\ToolSoftware\Xshell\XshellInstall\;D:\StudySoftware\Git\install\cmd;D:\StudySoftware\Maven\apache-maven-3.6.3\bin;C:\Program Files\TortoiseSVN\bin;D:\StudySoftware\mysql-8.0.23-winx64\bin;D:\StudySoftware\WechatDevelopment\install\dll;D:\ToolSoftware\Bandizip\install\Bandizip;D:\StudySoftware\NodeJs\install\;C:\Users\A1820\AppData\Local\Microsoft\WindowsApps;C:\Program Files\Bandizip\;C:\Users\A1820\AppData\Roaming\npm;."/>
    <property name="java.vm.info" value="mixed mode"/>
    <property name="java.vendor" value="Oracle Corporation"/>
    <property name="java.vm.version" value="25.221-b11"/>
    <property name="java.ext.dirs" value="C:\Program Files\Java\jdk1.8.0_221\jre\lib\ext;C:\WINDOWS\Sun\Java\lib\ext"/>
    <property name="sun.io.unicode.encoding" value="UnicodeLittle"/>
    <property name="maven.repo.local" value="D:\StudySoftware\Maven\apache-maven-3.6.3\maven3"/>
    <property name="java.class.version" value="52.0"/>
  </properties>
  <testcase name="contextLoads" classname="com.zhixi.Shiro02SpringbootJspApplicationTests" time="0.195"/>
</testsuite>